<?xml version="1.0" encoding="UTF-8"?>
<testng-results skipped="0" failed="0" total="1" passed="1">
  <reporter-output>
  </reporter-output>
  <suite name="Default suite" duration-ms="17749" started-at="2018-12-14T13:43:26Z" finished-at="2018-12-14T13:43:44Z">
    <groups>
    </groups>
    <test name="Default test" duration-ms="17749" started-at="2018-12-14T13:43:26Z" finished-at="2018-12-14T13:43:44Z">
      <class name="com.aq.tests.GetAPITest">
        <test-method status="PASS" signature="setUP()[pri:0, instance:com.aq.tests.GetAPITest@1ed40e0]" name="setUP" is-config="true" duration-ms="14" started-at="2018-12-14T19:13:26Z" finished-at="2018-12-14T19:13:26Z">
          <reporter-output>
          </reporter-output>
        </test-method> <!-- setUP -->
        <test-method status="PASS" signature="getAPITest()[pri:0, instance:com.aq.tests.GetAPITest@1ed40e0]" name="getAPITest" duration-ms="17702" started-at="2018-12-14T19:13:26Z" finished-at="2018-12-14T19:13:44Z">
          <reporter-output>
          </reporter-output>
        </test-method> <!-- getAPITest -->
      </class> <!-- com.aq.tests.GetAPITest -->
    </test> <!-- Default test -->
  </suite> <!-- Default suite -->
</testng-results>
